<?xml version="1.0" encoding="UTF-8"?>
<!-- Generated by org.testng.reporters.JUnitXMLReporter -->
<testsuite ignored="0" hostname="LAPTOP-FOEU62M7" failures="2" tests="2" name="Test" time="23.46" errors="0" timestamp="2023-09-13T23:14:32 IST">
  <testcase classname="com.qa.resolute.testscripts.TestClassEmp" name="managelicensesbuttonVerification" time="12.746">
    <failure type="org.openqa.selenium.ElementClickInterceptedException" message="Element &amp;lt;span class=&amp;quot;MuiTypography-root MuiTypography-body1 MuiListItemText-primary css-znl8sb&amp;quot;&amp;gt; is not clickable at point (167,345) because another element &amp;lt;div class=&amp;quot;MuiDialog-container MuiDialog-scrollPaper css-ekeie0&amp;quot;&amp;gt; obscures it
Build info: version: &amp;apos;4.9.1&amp;apos;, revision: &amp;apos;eb2032df7f&amp;apos;
System info: os.name: &amp;apos;Windows 11&amp;apos;, os.arch: &amp;apos;amd64&amp;apos;, os.version: &amp;apos;10.0&amp;apos;, java.version: &amp;apos;17.0.4.1&amp;apos;
Driver info: org.openqa.selenium.firefox.FirefoxDriver
Command: [20e8e84a-aab7-4059-aca3-ee8bd66cbead, clickElement {id=33dd292e-6038-49b2-ac98-874bdd30d2c0}]
Capabilities {acceptInsecureCerts: true, browserName: firefox, browserVersion: 117.0.1, moz:accessibilityChecks: false, moz:buildID: 20230912013654, moz:debuggerAddress: 127.0.0.1:44346, moz:geckodriverVersion: 0.33.0, moz:headless: false, moz:platformVersion: 10.0, moz:processID: 4544, moz:profile: C:\Users\MAYARE~1\AppData\L..., moz:shutdownTimeout: 60000, moz:webdriverClick: true, moz:windowless: false, pageLoadStrategy: normal, platformName: windows, proxy: Proxy(), se:cdp: ws://127.0.0.1:44346/devtoo..., se:cdpVersion: 85.0, setWindowRect: true, strictFileInteractability: false, timeouts: {implicit: 0, pageLoad: 300000, script: 30000}, unhandledPromptBehavior: dismiss and notify}
Element: [[FirefoxDriver: firefox on windows (20e8e84a-aab7-4059-aca3-ee8bd66cbead)] -&amp;gt; xpath: //span[text()=&amp;apos;Manage Licenses&amp;apos;]]
Session ID: 20e8e84a-aab7-4059-aca3-ee8bd66cbead">
      <![CDATA[org.openqa.selenium.ElementClickInterceptedException: Element <span class="MuiTypography-root MuiTypography-body1 MuiListItemText-primary css-znl8sb"> is not clickable at point (167,345) because another element <div class="MuiDialog-container MuiDialog-scrollPaper css-ekeie0"> obscures it
Build info: version: '4.9.1', revision: 'eb2032df7f'
System info: os.name: 'Windows 11', os.arch: 'amd64', os.version: '10.0', java.version: '17.0.4.1'
Driver info: org.openqa.selenium.firefox.FirefoxDriver
Command: [20e8e84a-aab7-4059-aca3-ee8bd66cbead, clickElement {id=33dd292e-6038-49b2-ac98-874bdd30d2c0}]
Capabilities {acceptInsecureCerts: true, browserName: firefox, browserVersion: 117.0.1, moz:accessibilityChecks: false, moz:buildID: 20230912013654, moz:debuggerAddress: 127.0.0.1:44346, moz:geckodriverVersion: 0.33.0, moz:headless: false, moz:platformVersion: 10.0, moz:processID: 4544, moz:profile: C:\Users\MAYARE~1\AppData\L..., moz:shutdownTimeout: 60000, moz:webdriverClick: true, moz:windowless: false, pageLoadStrategy: normal, platformName: windows, proxy: Proxy(), se:cdp: ws://127.0.0.1:44346/devtoo..., se:cdpVersion: 85.0, setWindowRect: true, strictFileInteractability: false, timeouts: {implicit: 0, pageLoad: 300000, script: 30000}, unhandledPromptBehavior: dismiss and notify}
Element: [[FirefoxDriver: firefox on windows (20e8e84a-aab7-4059-aca3-ee8bd66cbead)] -> xpath: //span[text()='Manage Licenses']]
Session ID: 20e8e84a-aab7-4059-aca3-ee8bd66cbead
at org.openqa.selenium.remote.codec.w3c.W3CHttpResponseCodec.createException(W3CHttpResponseCodec.java:200)
at org.openqa.selenium.remote.codec.w3c.W3CHttpResponseCodec.decode(W3CHttpResponseCodec.java:133)
at org.openqa.selenium.remote.codec.w3c.W3CHttpResponseCodec.decode(W3CHttpResponseCodec.java:53)
at org.openqa.selenium.remote.HttpCommandExecutor.execute(HttpCommandExecutor.java:193)
at org.openqa.selenium.remote.service.DriverCommandExecutor.invokeExecute(DriverCommandExecutor.java:183)
at org.openqa.selenium.remote.service.DriverCommandExecutor.execute(DriverCommandExecutor.java:158)
at org.openqa.selenium.remote.RemoteWebDriver.execute(RemoteWebDriver.java:543)
at org.openqa.selenium.remote.RemoteWebElement.execute(RemoteWebElement.java:257)
at org.openqa.selenium.remote.RemoteWebElement.click(RemoteWebElement.java:78)
at org.openqa.selenium.support.pagefactory.internal.LocatingElementHandler.invoke(LocatingElementHandler.java:52)
at jdk.proxy2/jdk.proxy2.$Proxy15.click(Unknown Source)
at com.qa.resolute.pages.EmployeePage.clickManageLicense(EmployeePage.java:34)
at com.qa.resolute.testscripts.TestClassEmp.managelicensesbuttonVerification(TestClassEmp.java:31)
at java.base/java.util.ArrayList.forEach(ArrayList.java:1511)
... Removed 36 stack frames]]>
    </failure>
  </testcase> <!-- managelicensesbuttonVerification -->
  <testcase classname="com.qa.resolute.testscripts.TestClassEmp" name="addlicensebuttonVerification" time="0.031">
    <failure type="org.openqa.selenium.ElementClickInterceptedException" message="Element &amp;lt;span class=&amp;quot;MuiTypography-root MuiTypography-body1 MuiListItemText-primary css-znl8sb&amp;quot;&amp;gt; is not clickable at point (167,345) because another element &amp;lt;div class=&amp;quot;MuiDialog-container MuiDialog-scrollPaper css-ekeie0&amp;quot;&amp;gt; obscures it
Build info: version: &amp;apos;4.9.1&amp;apos;, revision: &amp;apos;eb2032df7f&amp;apos;
System info: os.name: &amp;apos;Windows 11&amp;apos;, os.arch: &amp;apos;amd64&amp;apos;, os.version: &amp;apos;10.0&amp;apos;, java.version: &amp;apos;17.0.4.1&amp;apos;
Driver info: org.openqa.selenium.firefox.FirefoxDriver
Command: [20e8e84a-aab7-4059-aca3-ee8bd66cbead, clickElement {id=33dd292e-6038-49b2-ac98-874bdd30d2c0}]
Capabilities {acceptInsecureCerts: true, browserName: firefox, browserVersion: 117.0.1, moz:accessibilityChecks: false, moz:buildID: 20230912013654, moz:debuggerAddress: 127.0.0.1:44346, moz:geckodriverVersion: 0.33.0, moz:headless: false, moz:platformVersion: 10.0, moz:processID: 4544, moz:profile: C:\Users\MAYARE~1\AppData\L..., moz:shutdownTimeout: 60000, moz:webdriverClick: true, moz:windowless: false, pageLoadStrategy: normal, platformName: windows, proxy: Proxy(), se:cdp: ws://127.0.0.1:44346/devtoo..., se:cdpVersion: 85.0, setWindowRect: true, strictFileInteractability: false, timeouts: {implicit: 0, pageLoad: 300000, script: 30000}, unhandledPromptBehavior: dismiss and notify}
Element: [[FirefoxDriver: firefox on windows (20e8e84a-aab7-4059-aca3-ee8bd66cbead)] -&amp;gt; xpath: //span[text()=&amp;apos;Manage Licenses&amp;apos;]]
Session ID: 20e8e84a-aab7-4059-aca3-ee8bd66cbead">
      <![CDATA[org.openqa.selenium.ElementClickInterceptedException: Element <span class="MuiTypography-root MuiTypography-body1 MuiListItemText-primary css-znl8sb"> is not clickable at point (167,345) because another element <div class="MuiDialog-container MuiDialog-scrollPaper css-ekeie0"> obscures it
Build info: version: '4.9.1', revision: 'eb2032df7f'
System info: os.name: 'Windows 11', os.arch: 'amd64', os.version: '10.0', java.version: '17.0.4.1'
Driver info: org.openqa.selenium.firefox.FirefoxDriver
Command: [20e8e84a-aab7-4059-aca3-ee8bd66cbead, clickElement {id=33dd292e-6038-49b2-ac98-874bdd30d2c0}]
Capabilities {acceptInsecureCerts: true, browserName: firefox, browserVersion: 117.0.1, moz:accessibilityChecks: false, moz:buildID: 20230912013654, moz:debuggerAddress: 127.0.0.1:44346, moz:geckodriverVersion: 0.33.0, moz:headless: false, moz:platformVersion: 10.0, moz:processID: 4544, moz:profile: C:\Users\MAYARE~1\AppData\L..., moz:shutdownTimeout: 60000, moz:webdriverClick: true, moz:windowless: false, pageLoadStrategy: normal, platformName: windows, proxy: Proxy(), se:cdp: ws://127.0.0.1:44346/devtoo..., se:cdpVersion: 85.0, setWindowRect: true, strictFileInteractability: false, timeouts: {implicit: 0, pageLoad: 300000, script: 30000}, unhandledPromptBehavior: dismiss and notify}
Element: [[FirefoxDriver: firefox on windows (20e8e84a-aab7-4059-aca3-ee8bd66cbead)] -> xpath: //span[text()='Manage Licenses']]
Session ID: 20e8e84a-aab7-4059-aca3-ee8bd66cbead
at org.openqa.selenium.remote.codec.w3c.W3CHttpResponseCodec.createException(W3CHttpResponseCodec.java:200)
at org.openqa.selenium.remote.codec.w3c.W3CHttpResponseCodec.decode(W3CHttpResponseCodec.java:133)
at org.openqa.selenium.remote.codec.w3c.W3CHttpResponseCodec.decode(W3CHttpResponseCodec.java:53)
at org.openqa.selenium.remote.HttpCommandExecutor.execute(HttpCommandExecutor.java:193)
at org.openqa.selenium.remote.service.DriverCommandExecutor.invokeExecute(DriverCommandExecutor.java:183)
at org.openqa.selenium.remote.service.DriverCommandExecutor.execute(DriverCommandExecutor.java:158)
at org.openqa.selenium.remote.RemoteWebDriver.execute(RemoteWebDriver.java:543)
at org.openqa.selenium.remote.RemoteWebElement.execute(RemoteWebElement.java:257)
at org.openqa.selenium.remote.RemoteWebElement.click(RemoteWebElement.java:78)
at org.openqa.selenium.support.pagefactory.internal.LocatingElementHandler.invoke(LocatingElementHandler.java:52)
at jdk.proxy2/jdk.proxy2.$Proxy15.click(Unknown Source)
at com.qa.resolute.pages.EmployeePage.clickManageLicense(EmployeePage.java:34)
at com.qa.resolute.testscripts.TestClassEmp.addlicensebuttonVerification(TestClassEmp.java:40)
at java.base/java.util.ArrayList.forEach(ArrayList.java:1511)
... Removed 36 stack frames]]>
    </failure>
  </testcase> <!-- addlicensebuttonVerification -->
</testsuite> <!-- Test -->
